SAE_5_01frontend2/app/build/intermediates/manifest_merge_blame_file/debug/processDebugMainManifest/manifest-merger-blame-debug-report.txt
1<?xml version="1.0" encoding="utf-8"?>
2<manifest xmlns:android="http://schemas.android.com/apk/res/android"
3    package="com.example.sae_5_01_frontend"
4    android:versionCode="1"
5    android:versionName="1.0" >
6
7    <uses-sdk
8        android:minSdkVersion="24"
9        android:targetSdkVersion="35" />
10
11    <queries>
11-->[androidx.camera:camera-extensions:1.3.1] AndroidManifest.xml:22:5-26:15
12        <intent>
12-->[androidx.camera:camera-extensions:1.3.1] AndroidManifest.xml:23:9-25:18
13            <action android:name="androidx.camera.extensions.action.VENDOR_ACTION" />
13-->[androidx.camera:camera-extensions:1.3.1] AndroidManifest.xml:24:13-86
13-->[androidx.camera:camera-extensions:1.3.1] AndroidManifest.xml:24:21-83
14        </intent>
15    </queries>
16
17    <permission
17-->[androidx.core:core:1.10.1] AndroidManifest.xml:22:5-24:47
18        android:name="com.example.sae_5_01_frontend.DYNAMIC_RECEIVER_NOT_EXPORTED_PERMISSION"
18-->[androidx.core:core:1.10.1] AndroidManifest.xml:23:9-81
19        android:protectionLevel="signature" />
19-->[androidx.core:core:1.10.1] AndroidManifest.xml:24:9-44
20
21    <uses-permission android:name="com.example.sae_5_01_frontend.DYNAMIC_RECEIVER_NOT_EXPORTED_PERMISSION" />
21-->[androidx.core:core:1.10.1] AndroidManifest.xml:26:5-97
21-->[androidx.core:core:1.10.1] AndroidManifest.xml:26:22-94
22
23    <application
23-->src\main\AndroidManifest.xml:5:5-25:19
24        android:allowBackup="true"
24-->src\main\AndroidManifest.xml:6:9-35
25        android:appComponentFactory="androidx.core.app.CoreComponentFactory"
25-->[androidx.core:core:1.10.1] AndroidManifest.xml:28:18-86
26        android:dataExtractionRules="@xml/data_extraction_rules"
26-->src\main\AndroidManifest.xml:7:9-65
27        android:debuggable="true"
28        android:extractNativeLibs="false"
29        android:fullBackupContent="@xml/backup_rules"
29-->src\main\AndroidManifest.xml:8:9-54
30        android:icon="@mipmap/ic_launcher"
30-->src\main\AndroidManifest.xml:9:9-43
31        android:label="@string/app_name"
31-->src\main\AndroidManifest.xml:10:9-41
32        android:roundIcon="@mipmap/ic_launcher_round"
32-->src\main\AndroidManifest.xml:11:9-54
33        android:supportsRtl="true"
33-->src\main\AndroidManifest.xml:12:9-35
34        android:testOnly="true"
35        android:theme="@style/Theme.SAE_5_01_frontend" >
35-->src\main\AndroidManifest.xml:13:9-55
36        <activity
36-->src\main\AndroidManifest.xml:15:9-24:20
37            android:name="com.example.sae_5_01_frontend.MainActivity"
37-->src\main\AndroidManifest.xml:16:13-41
38            android:exported="true"
38-->src\main\AndroidManifest.xml:17:13-36
39            android:label="@string/app_name" >
39-->src\main\AndroidManifest.xml:18:13-45
40            <intent-filter>
40-->src\main\AndroidManifest.xml:19:13-23:29
41                <action android:name="android.intent.action.MAIN" />
41-->src\main\AndroidManifest.xml:20:17-69
41-->src\main\AndroidManifest.xml:20:25-66
42
43                <category android:name="android.intent.category.LAUNCHER" />
43-->src\main\AndroidManifest.xml:22:17-77
43-->src\main\AndroidManifest.xml:22:27-74
44            </intent-filter>
45        </activity>
46
47        <uses-library
47-->[androidx.camera:camera-extensions:1.3.1] AndroidManifest.xml:29:9-31:40
48            android:name="androidx.camera.extensions.impl"
48-->[androidx.camera:camera-extensions:1.3.1] AndroidManifest.xml:30:13-59
49            android:required="false" />
49-->[androidx.camera:camera-extensions:1.3.1] AndroidManifest.xml:31:13-37
50
51        <service
51-->[androidx.camera:camera-camera2:1.3.1] AndroidManifest.xml:24:9-33:19
52            android:name="androidx.camera.core.impl.MetadataHolderService"
52-->[androidx.camera:camera-camera2:1.3.1] AndroidManifest.xml:25:13-75
53            android:enabled="false"
53-->[androidx.camera:camera-camera2:1.3.1] AndroidManifest.xml:26:13-36
54            android:exported="false" >
54-->[androidx.camera:camera-camera2:1.3.1] AndroidManifest.xml:27:13-37
55            <meta-data
55-->[androidx.camera:camera-camera2:1.3.1] AndroidManifest.xml:30:13-32:89
56                android:name="androidx.camera.core.impl.MetadataHolderService.DEFAULT_CONFIG_PROVIDER"
56-->[androidx.camera:camera-camera2:1.3.1] AndroidManifest.xml:31:17-103
57                android:value="androidx.camera.camera2.Camera2Config$DefaultProvider" />
57-->[androidx.camera:camera-camera2:1.3.1] AndroidManifest.xml:32:17-86
58        </service>
59
60        <provider
60-->[androidx.emoji2:emoji2:1.2.0] AndroidManifest.xml:24:9-32:20
61            android:name="androidx.startup.InitializationProvider"
61-->[androidx.emoji2:emoji2:1.2.0] AndroidManifest.xml:25:13-67
62            android:authorities="com.example.sae_5_01_frontend.androidx-startup"
62-->[androidx.emoji2:emoji2:1.2.0] AndroidManifest.xml:26:13-68
63            android:exported="false" >
63-->[androidx.emoji2:emoji2:1.2.0] AndroidManifest.xml:27:13-37
64            <meta-data
64-->[androidx.emoji2:emoji2:1.2.0] AndroidManifest.xml:29:13-31:52
65                android:name="androidx.emoji2.text.EmojiCompatInitializer"
65-->[androidx.emoji2:emoji2:1.2.0] AndroidManifest.xml:30:17-75
66                android:value="androidx.startup" />
66-->[androidx.emoji2:emoji2:1.2.0] AndroidManifest.xml:31:17-49
67            <meta-data
67-->[androidx.lifecycle:lifecycle-process:2.6.2] AndroidManifest.xml:29:13-31:52
68                android:name="androidx.lifecycle.ProcessLifecycleInitializer"
68-->[androidx.lifecycle:lifecycle-process:2.6.2] AndroidManifest.xml:30:17-78
69                android:value="androidx.startup" />
69-->[androidx.lifecycle:lifecycle-process:2.6.2] AndroidManifest.xml:31:17-49
70            <meta-data
70-->[androidx.profileinstaller:profileinstaller:1.3.0] AndroidManifest.xml:29:13-31:52
71                android:name="androidx.profileinstaller.ProfileInstallerInitializer"
71-->[androidx.profileinstaller:profileinstaller:1.3.0] AndroidManifest.xml:30:17-85
72                android:value="androidx.startup" />
72-->[androidx.profileinstaller:profileinstaller:1.3.0] AndroidManifest.xml:31:17-49
73        </provider>
74
75        <uses-library
75-->[androidx.window:window:1.0.0] AndroidManifest.xml:25:9-27:40
76            android:name="androidx.window.extensions"
76-->[androidx.window:window:1.0.0] AndroidManifest.xml:26:13-54
77            android:required="false" />
77-->[androidx.window:window:1.0.0] AndroidManifest.xml:27:13-37
78        <uses-library
78-->[androidx.window:window:1.0.0] AndroidManifest.xml:28:9-30:40
79            android:name="androidx.window.sidecar"
79-->[androidx.window:window:1.0.0] AndroidManifest.xml:29:13-51
80            android:required="false" />
80-->[androidx.window:window:1.0.0] AndroidManifest.xml:30:13-37
81
82        <receiver
82-->[androidx.profileinstaller:profileinstaller:1.3.0] AndroidManifest.xml:34:9-52:20
83            android:name="androidx.profileinstaller.ProfileInstallReceiver"
83-->[androidx.profileinstaller:profileinstaller:1.3.0] AndroidManifest.xml:35:13-76
84            android:directBootAware="false"
84-->[androidx.profileinstaller:profileinstaller:1.3.0] AndroidManifest.xml:36:13-44
85            android:enabled="true"
85-->[androidx.profileinstaller:profileinstaller:1.3.0] AndroidManifest.xml:37:13-35
86            android:exported="true"
86-->[androidx.profileinstaller:profileinstaller:1.3.0] AndroidManifest.xml:38:13-36
87            android:permission="android.permission.DUMP" >
87-->[androidx.profileinstaller:profileinstaller:1.3.0] AndroidManifest.xml:39:13-57
88            <intent-filter>
88-->[androidx.profileinstaller:profileinstaller:1.3.0] AndroidManifest.xml:40:13-42:29
89                <action android:name="androidx.profileinstaller.action.INSTALL_PROFILE" />
89-->[androidx.profileinstaller:profileinstaller:1.3.0] AndroidManifest.xml:41:17-91
89-->[androidx.profileinstaller:profileinstaller:1.3.0] AndroidManifest.xml:41:25-88
90            </intent-filter>
91            <intent-filter>
91-->[androidx.profileinstaller:profileinstaller:1.3.0] AndroidManifest.xml:43:13-45:29
92                <action android:name="androidx.profileinstaller.action.SKIP_FILE" />
92-->[androidx.profileinstaller:profileinstaller:1.3.0] AndroidManifest.xml:44:17-85
92-->[androidx.profileinstaller:profileinstaller:1.3.0] AndroidManifest.xml:44:25-82
93            </intent-filter>
94            <intent-filter>
94-->[androidx.profileinstaller:profileinstaller:1.3.0] AndroidManifest.xml:46:13-48:29
95                <action android:name="androidx.profileinstaller.action.SAVE_PROFILE" />
95-->[androidx.profileinstaller:profileinstaller:1.3.0] AndroidManifest.xml:47:17-88
95-->[androidx.profileinstaller:profileinstaller:1.3.0] AndroidManifest.xml:47:25-85
96            </intent-filter>
97            <intent-filter>
97-->[androidx.profileinstaller:profileinstaller:1.3.0] AndroidManifest.xml:49:13-51:29
98                <action android:name="androidx.profileinstaller.action.BENCHMARK_OPERATION" />
98-->[androidx.profileinstaller:profileinstaller:1.3.0] AndroidManifest.xml:50:17-95
98-->[androidx.profileinstaller:profileinstaller:1.3.0] AndroidManifest.xml:50:25-92
99            </intent-filter>
100        </receiver>
101    </application>
102
103</manifest>